<?xml version="1.0" encoding="UTF-8"?>
<testng-results ignored="2" total="4" passed="2" failed="0" skipped="0">
  <reporter-output>
  </reporter-output>
  <suite started-at="2022-10-07T21:42:42 IST" name="Suite" finished-at="2022-10-07T21:44:56 IST" duration-ms="134409">
    <groups>
    </groups>
    <test started-at="2022-10-07T21:42:42 IST" name="Test" finished-at="2022-10-07T21:44:56 IST" duration-ms="134409">
      <class name="tests.selenium.TC003_CreateIncidentUsingRestAndVerifyUsingSelenium">
        <test-method is-config="true" signature="setValues()[pri:0, instance:tests.selenium.TC003_CreateIncidentUsingRestAndVerifyUsingSelenium@bef2d72]" started-at="2022-10-07T21:42:42 IST" name="setValues" finished-at="2022-10-07T21:42:42 IST" duration-ms="1" status="PASS">
          <reporter-output>
          </reporter-output>
        </test-method> <!-- setValues -->
        <test-method is-config="true" signature="beforeClass()[pri:0, instance:tests.selenium.TC003_CreateIncidentUsingRestAndVerifyUsingSelenium@bef2d72]" started-at="2022-10-07T21:44:01 IST" name="beforeClass" finished-at="2022-10-07T21:44:01 IST" duration-ms="1" status="PASS">
          <reporter-output>
          </reporter-output>
        </test-method> <!-- beforeClass -->
        <test-method is-config="true" signature="beforeMethod()[pri:0, instance:tests.selenium.TC003_CreateIncidentUsingRestAndVerifyUsingSelenium@bef2d72]" started-at="2022-10-07T21:44:01 IST" name="beforeMethod" finished-at="2022-10-07T21:44:08 IST" duration-ms="6788" status="PASS">
          <reporter-output>
          </reporter-output>
        </test-method> <!-- beforeMethod -->
        <test-method signature="createIncident(java.lang.String)[pri:0, instance:tests.selenium.TC003_CreateIncidentUsingRestAndVerifyUsingSelenium@bef2d72]" started-at="2022-10-07T21:44:08 IST" name="createIncident" data-provider="fetchData" finished-at="2022-10-07T21:44:56 IST" duration-ms="48176" status="PASS">
          <params>
            <param index="0">
              <value>
                <![CDATA[incident]]>
              </value>
            </param>
          </params>
          <reporter-output>
          </reporter-output>
        </test-method> <!-- createIncident -->
        <test-method is-config="true" signature="afterMethod()[pri:0, instance:tests.selenium.TC003_CreateIncidentUsingRestAndVerifyUsingSelenium@bef2d72]" started-at="2022-10-07T21:44:56 IST" name="afterMethod" finished-at="2022-10-07T21:44:56 IST" duration-ms="241" status="PASS">
          <reporter-output>
          </reporter-output>
        </test-method> <!-- afterMethod -->
      </class> <!-- tests.selenium.TC003_CreateIncidentUsingRestAndVerifyUsingSelenium -->
      <class name="tests.selenium.TC002_CreateIncidentAndGetFromRest">
        <test-method is-config="true" signature="beforeSuite()[pri:0, instance:tests.selenium.TC002_CreateIncidentAndGetFromRest@5223e5ee]" started-at="2022-10-07T21:42:41 IST" name="beforeSuite" finished-at="2022-10-07T21:42:42 IST" duration-ms="1067" status="PASS">
          <reporter-output>
          </reporter-output>
        </test-method> <!-- beforeSuite -->
        <test-method is-config="true" signature="setValues()[pri:0, instance:tests.selenium.TC002_CreateIncidentAndGetFromRest@5223e5ee]" started-at="2022-10-07T21:42:42 IST" name="setValues" finished-at="2022-10-07T21:42:42 IST" duration-ms="2" status="PASS">
          <reporter-output>
          </reporter-output>
        </test-method> <!-- setValues -->
        <test-method is-config="true" signature="beforeClass()[pri:0, instance:tests.selenium.TC002_CreateIncidentAndGetFromRest@5223e5ee]" started-at="2022-10-07T21:42:42 IST" name="beforeClass" finished-at="2022-10-07T21:42:42 IST" duration-ms="1" status="PASS">
          <reporter-output>
          </reporter-output>
        </test-method> <!-- beforeClass -->
        <test-method is-config="true" signature="beforeMethod()[pri:0, instance:tests.selenium.TC002_CreateIncidentAndGetFromRest@5223e5ee]" started-at="2022-10-07T21:42:42 IST" name="beforeMethod" finished-at="2022-10-07T21:42:49 IST" duration-ms="7065" status="PASS">
          <reporter-output>
          </reporter-output>
        </test-method> <!-- beforeMethod -->
        <test-method signature="createIncident(java.lang.String, java.lang.String, java.lang.String)[pri:0, instance:tests.selenium.TC002_CreateIncidentAndGetFromRest@5223e5ee]" started-at="2022-10-07T21:42:49 IST" name="createIncident" data-provider="fetchData" finished-at="2022-10-07T21:44:01 IST" duration-ms="71319" status="PASS">
          <params>
            <param index="0">
              <value>
                <![CDATA[incident]]>
              </value>
            </param>
            <param index="1">
              <value>
                <![CDATA[Abel]]>
              </value>
            </param>
            <param index="2">
              <value>
                <![CDATA[This is automated test from Makaia data 1 to ServiceNow]]>
              </value>
            </param>
          </params>
          <reporter-output>
          </reporter-output>
        </test-method> <!-- createIncident -->
        <test-method is-config="true" signature="afterMethod()[pri:0, instance:tests.selenium.TC002_CreateIncidentAndGetFromRest@5223e5ee]" started-at="2022-10-07T21:44:01 IST" name="afterMethod" finished-at="2022-10-07T21:44:01 IST" duration-ms="224" status="PASS">
          <reporter-output>
          </reporter-output>
        </test-method> <!-- afterMethod -->
        <test-method is-config="true" signature="afterSuite()[pri:0, instance:tests.selenium.TC002_CreateIncidentAndGetFromRest@5223e5ee]" started-at="2022-10-07T21:44:56 IST" name="afterSuite" finished-at="2022-10-07T21:44:57 IST" duration-ms="798" status="PASS">
          <reporter-output>
          </reporter-output>
        </test-method> <!-- afterSuite -->
      </class> <!-- tests.selenium.TC002_CreateIncidentAndGetFromRest -->
    </test> <!-- Test -->
  </suite> <!-- Suite -->
</testng-results>
