<?xml version="1.0" encoding="UTF-8"?>
<testng-results ignored="2" total="4" passed="2" failed="0" skipped="0">
  <reporter-output>
  </reporter-output>
  <suite started-at="2023-02-18T07:58:15 IST" name="Suite" finished-at="2023-02-18T08:00:33 IST" duration-ms="138088">
    <groups>
    </groups>
    <test started-at="2023-02-18T07:58:15 IST" name="Test" finished-at="2023-02-18T08:00:33 IST" duration-ms="138088">
      <class name="tests.selenium.TC003_CreateIncidentUsingRestAndVerifyUsingSelenium">
        <test-method is-config="true" signature="setValues()[pri:0, instance:tests.selenium.TC003_CreateIncidentUsingRestAndVerifyUsingSelenium@16293aa2]" started-at="2023-02-18T07:58:15 IST" name="setValues" finished-at="2023-02-18T07:58:15 IST" duration-ms="0" status="PASS">
          <reporter-output>
          </reporter-output>
        </test-method> <!-- setValues -->
        <test-method is-config="true" signature="beforeClass()[pri:0, instance:tests.selenium.TC003_CreateIncidentUsingRestAndVerifyUsingSelenium@16293aa2]" started-at="2023-02-18T07:59:22 IST" name="beforeClass" finished-at="2023-02-18T07:59:22 IST" duration-ms="1" status="PASS">
          <reporter-output>
          </reporter-output>
        </test-method> <!-- beforeClass -->
        <test-method is-config="true" signature="beforeMethod()[pri:0, instance:tests.selenium.TC003_CreateIncidentUsingRestAndVerifyUsingSelenium@16293aa2]" started-at="2023-02-18T07:59:22 IST" name="beforeMethod" finished-at="2023-02-18T07:59:29 IST" duration-ms="7126" status="PASS">
          <reporter-output>
          </reporter-output>
        </test-method> <!-- beforeMethod -->
        <test-method signature="createIncident(java.lang.String)[pri:0, instance:tests.selenium.TC003_CreateIncidentUsingRestAndVerifyUsingSelenium@16293aa2]" started-at="2023-02-18T07:59:29 IST" name="createIncident" data-provider="fetchData" finished-at="2023-02-18T08:00:32 IST" duration-ms="63695" status="PASS">
          <params>
            <param index="0">
              <value>
                <![CDATA[incident]]>
              </value>
            </param>
          </params>
          <reporter-output>
          </reporter-output>
        </test-method> <!-- createIncident -->
        <test-method is-config="true" signature="afterMethod()[pri:0, instance:tests.selenium.TC003_CreateIncidentUsingRestAndVerifyUsingSelenium@16293aa2]" started-at="2023-02-18T08:00:32 IST" name="afterMethod" finished-at="2023-02-18T08:00:33 IST" duration-ms="106" status="PASS">
          <reporter-output>
          </reporter-output>
        </test-method> <!-- afterMethod -->
      </class> <!-- tests.selenium.TC003_CreateIncidentUsingRestAndVerifyUsingSelenium -->
      <class name="tests.selenium.TC002_CreateIncidentAndGetFromRest">
        <test-method is-config="true" signature="beforeSuite()[pri:0, instance:tests.selenium.TC002_CreateIncidentAndGetFromRest@5c5eefef]" started-at="2023-02-18T07:58:14 IST" name="beforeSuite" finished-at="2023-02-18T07:58:15 IST" duration-ms="650" status="PASS">
          <reporter-output>
          </reporter-output>
        </test-method> <!-- beforeSuite -->
        <test-method is-config="true" signature="setValues()[pri:0, instance:tests.selenium.TC002_CreateIncidentAndGetFromRest@5c5eefef]" started-at="2023-02-18T07:58:15 IST" name="setValues" finished-at="2023-02-18T07:58:15 IST" duration-ms="1" status="PASS">
          <reporter-output>
          </reporter-output>
        </test-method> <!-- setValues -->
        <test-method is-config="true" signature="beforeClass()[pri:0, instance:tests.selenium.TC002_CreateIncidentAndGetFromRest@5c5eefef]" started-at="2023-02-18T07:58:15 IST" name="beforeClass" finished-at="2023-02-18T07:58:15 IST" duration-ms="0" status="PASS">
          <reporter-output>
          </reporter-output>
        </test-method> <!-- beforeClass -->
        <test-method is-config="true" signature="beforeMethod()[pri:0, instance:tests.selenium.TC002_CreateIncidentAndGetFromRest@5c5eefef]" started-at="2023-02-18T07:58:15 IST" name="beforeMethod" finished-at="2023-02-18T07:58:22 IST" duration-ms="7457" status="PASS">
          <reporter-output>
          </reporter-output>
        </test-method> <!-- beforeMethod -->
        <test-method signature="createIncident(java.lang.String, java.lang.String, java.lang.String)[pri:0, instance:tests.selenium.TC002_CreateIncidentAndGetFromRest@5c5eefef]" started-at="2023-02-18T07:58:22 IST" name="createIncident" data-provider="fetchData" finished-at="2023-02-18T07:59:21 IST" duration-ms="59229" status="PASS">
          <params>
            <param index="0">
              <value>
                <![CDATA[incident]]>
              </value>
            </param>
            <param index="1">
              <value>
                <![CDATA[Abel]]>
              </value>
            </param>
            <param index="2">
              <value>
                <![CDATA[This is automated test from Makaia data 1 to ServiceNow]]>
              </value>
            </param>
          </params>
          <reporter-output>
          </reporter-output>
        </test-method> <!-- createIncident -->
        <test-method is-config="true" signature="afterMethod()[pri:0, instance:tests.selenium.TC002_CreateIncidentAndGetFromRest@5c5eefef]" started-at="2023-02-18T07:59:21 IST" name="afterMethod" finished-at="2023-02-18T07:59:22 IST" duration-ms="184" status="PASS">
          <reporter-output>
          </reporter-output>
        </test-method> <!-- afterMethod -->
        <test-method is-config="true" signature="afterSuite()[pri:0, instance:tests.selenium.TC002_CreateIncidentAndGetFromRest@5c5eefef]" started-at="2023-02-18T08:00:33 IST" name="afterSuite" finished-at="2023-02-18T08:00:33 IST" duration-ms="204" status="PASS">
          <reporter-output>
          </reporter-output>
        </test-method> <!-- afterSuite -->
      </class> <!-- tests.selenium.TC002_CreateIncidentAndGetFromRest -->
    </test> <!-- Test -->
  </suite> <!-- Suite -->
</testng-results>
